#
# There is insufficient memory for the Java Runtime Environment to continue.
# Native memory allocation (malloc) failed to allocate 1048576 bytes for AllocateHeap
# Possible reasons:
#   The system is out of physical RAM or swap space
#   In 32 bit mode, the process size limit was hit
# Possible solutions:
#   Reduce memory load on the system
#   Increase physical memory or swap space
#   Check if swap backing store is full
#   Use 64 bit Java on a 64 bit OS
#   Decrease Java heap size (-Xmx/-Xms)
#   Decrease number of Java threads
#   Decrease Java thread stack sizes (-Xss)
#   Set larger code cache with -XX:ReservedCodeCacheSize=
# This output file may be truncated or incomplete.
#
#  Out of Memory Error (memory/allocation.inline.hpp:61), pid=20120, tid=20156
#
# JRE version:  (8.0_77-b03) (build )
# Java VM: Java HotSpot(TM) 64-Bit Server VM (25.77-b03 mixed mode windows-amd64 compressed oops)
# Failed to write core dump. Minidumps are not enabled by default on client versions of Windows
#

---------------  T H R E A D  ---------------

Current thread (0x0000000002280800):  JavaThread "Unknown thread" [_thread_in_vm, id=20156, stack(0x0000000002140000,0x0000000002240000)]

Stack: [0x0000000002140000,0x0000000002240000]
[error occurred during error reporting (printing stack bounds), id 0xc0000005]

Native frames: (J=compiled Java code, j=interpreted, Vv=VM code, C=native code)


---------------  P R O C E S S  ---------------

Java Threads: ( => current thread )

Other Threads:

=>0x0000000002280800 (exited) JavaThread "Unknown thread" [_thread_in_vm, id=20156, stack(0x0000000002140000,0x0000000002240000)]

VM state:not at safepoint (normal execution)

VM Mutex/Monitor currently owned by a thread: None

Heap:
 PSYoungGen      total 57344K, used 983K [0x0000000780380000, 0x0000000784380000, 0x00000007c0000000)
  eden space 49152K, 2% used [0x0000000780380000,0x0000000780475c38,0x0000000783380000)
  from space 8192K, 0% used [0x0000000783b80000,0x0000000783b80000,0x0000000784380000)
  to   space 8192K, 0% used [0x0000000783380000,0x0000000783380000,0x0000000783b80000)
 ParOldGen       total 131072K, used 0K [0x0000000700a00000, 0x0000000708a00000, 0x0000000780380000)
  object space 131072K, 0% used [0x0000000700a00000,0x0000000700a00000,0x0000000708a00000)
 Metaspace       used 746K, capacity 4480K, committed 4480K, reserved 1056768K
  class space    used 75K, capacity 384K, committed 384K, reserved 1048576K

Card table byte_map: [0x0000000011740000,0x0000000011d40000] byte_map_base: 0x000000000df3b000

Marking Bits: (ParMarkBitMap*) 0x0000000077f80600
 Begin Bits: [0x0000000012940000, 0x0000000015918000)
 End Bits:   [0x0000000015918000, 0x00000000188f0000)

Polling page: 0x0000000000480000

CodeCache: size=245760Kb used=328Kb max_used=328Kb free=245431Kb
 bounds [0x0000000002380000, 0x00000000025f0000, 0x0000000011380000]
 total_blobs=58 nmethods=0 adapters=38
 compilation: enabled

Compilation events (0 events):
No events

GC Heap History (0 events):
No events

Deoptimization events (0 events):
No events

Internal exceptions (0 events):
No events

Events (10 events):
Event: 0.050 loading class java/lang/Short
Event: 0.050 loading class java/lang/Short done
Event: 0.050 loading class java/lang/Integer
Event: 0.050 loading class java/lang/Integer done
Event: 0.050 loading class java/lang/Long
Event: 0.050 loading class java/lang/Long done
Event: 0.051 loading class java/lang/NullPointerException
Event: 0.052 loading class java/lang/NullPointerException done
Event: 0.052 loading class java/lang/ArithmeticException
Event: 0.052 loading class java/lang/ArithmeticException done


Dynamic libraries:
0x00007ff63dbb0000 - 0x00007ff63dbe7000 	C:\Program Files\Java\jre1.8.0_77\bin\javaw.exe
0x00007ffc00bf0000 - 0x00007ffc00db1000 	C:\WINDOWS\SYSTEM32\ntdll.dll
0x00007ffbfe2f0000 - 0x00007ffbfe39d000 	C:\WINDOWS\system32\KERNEL32.DLL
0x00007ffbfda50000 - 0x00007ffbfdc38000 	C:\WINDOWS\system32\KERNELBASE.dll
0x00007ffbff050000 - 0x00007ffbff0f7000 	C:\WINDOWS\system32\ADVAPI32.dll
0x00007ffbfeaa0000 - 0x00007ffbfeb3d000 	C:\WINDOWS\system32\msvcrt.dll
0x00007ffbfe850000 - 0x00007ffbfe8ab000 	C:\WINDOWS\system32\sechost.dll
0x00007ffbff290000 - 0x00007ffbff3ac000 	C:\WINDOWS\system32\RPCRT4.dll
0x00007ffbfe000000 - 0x00007ffbfe156000 	C:\WINDOWS\system32\USER32.dll
0x00007ffbff100000 - 0x00007ffbff286000 	C:\WINDOWS\system32\GDI32.dll
0x00007ffbf9d30000 - 0x00007ffbf9fa4000 	C:\WINDOWS\WinSxS\amd64_microsoft.windows.common-controls_6595b64144ccf1df_6.0.10586.0_none_8c15ae12515e1c22\COMCTL32.dll
0x00007ffc00970000 - 0x00007ffc00bed000 	C:\WINDOWS\system32\combase.dll
0x00007ffbfd2a0000 - 0x00007ffbfd30a000 	C:\WINDOWS\system32\bcryptPrimitives.dll
0x00007ffbfe160000 - 0x00007ffbfe19b000 	C:\WINDOWS\system32\IMM32.DLL
0x00000000775a0000 - 0x0000000077672000 	C:\Program Files\Java\jre1.8.0_77\bin\msvcr100.dll
0x0000000077770000 - 0x0000000078000000 	C:\Program Files\Java\jre1.8.0_77\bin\server\jvm.dll
0x00007ffbfeed0000 - 0x00007ffbfeed8000 	C:\WINDOWS\system32\PSAPI.DLL
0x00007ffbf09f0000 - 0x00007ffbf09f9000 	C:\WINDOWS\SYSTEM32\WSOCK32.dll
0x00007ffbfa060000 - 0x00007ffbfa06a000 	C:\WINDOWS\SYSTEM32\VERSION.dll
0x00007ffbfb260000 - 0x00007ffbfb283000 	C:\WINDOWS\SYSTEM32\WINMM.dll
0x00007ffbfe8d0000 - 0x00007ffbfe93b000 	C:\WINDOWS\system32\WS2_32.dll
0x00007ffbfb200000 - 0x00007ffbfb22c000 	C:\WINDOWS\SYSTEM32\WINMMBASE.dll
0x00007ffbfdc40000 - 0x00007ffbfdc83000 	C:\WINDOWS\system32\cfgmgr32.dll
0x0000000051190000 - 0x000000005119f000 	C:\Program Files\Java\jre1.8.0_77\bin\verify.dll
0x0000000050260000 - 0x0000000050289000 	C:\Program Files\Java\jre1.8.0_77\bin\java.dll
0x0000000050240000 - 0x0000000050256000 	C:\Program Files\Java\jre1.8.0_77\bin\zip.dll

VM Arguments:
jvm_args: -Dfile.encoding=Cp1252 
java_command: Projet.LeJeu.Main
java_class_path (initial): C:\Users\Maxence\git\Projet\Projet\bin
Launcher Type: SUN_STANDARD

Environment Variables:
PATH=C:/Program Files/Java/jre1.8.0_77/bin/server;C:/Program Files/Java/jre1.8.0_77/bin;C:/Program Files/Java/jre1.8.0_77/lib/amd64;C:\ProgramData\Oracle\Java\javapath;C:\Program Files (x86)\Intel\iCLS Client\;C:\Program Files\Intel\iCLS Client\;C:\Program Files (x86)\NVIDIA Corporation\PhysX\Common;C:\WINDOWS\system32;C:\WINDOWS;C:\WINDOWS\System32\Wbem;C:\WINDOWS\System32\WindowsPowerShell\v1.0\;C:\Program Files (x86)\Windows Live\Shared;C:\Program Files\Intel\Intel(R) Management Engine Components\DAL;C:\Program Files\Intel\Intel(R) Management Engine Components\IPT;C:\Program Files (x86)\Intel\Intel(R) Management Engine Components\DAL;C:\Program Files (x86)\Intel\Intel(R) Management Engine Components\IPT;C:\Program Files\Git\cmd;C:\Program Files\eclipse;
USERNAME=Maxence
OS=Windows_NT
PROCESSOR_IDENTIFIER=Intel64 Family 6 Model 58 Stepping 9, GenuineIntel



---------------  S Y S T E M  ---------------

OS: Windows 10.0 , 64 bit Build 10586 (10.0.10586.0)

CPU:total 8 (4 cores per cpu, 2 threads per core) family 6 model 58 stepping 9, cmov, cx8, fxsr, mmx, sse, sse2, sse3, ssse3, sse4.1, sse4.2, popcnt, avx, aes, clmul, erms, ht, tsc, tscinvbit, tscinv

Memory: 4k page, physical 12534992k(5353588k free), swap 24974528k(5484k free)

vm_info: Java HotSpot(TM) 64-Bit Server VM (25.77-b03) for windows-amd64 JRE (1.8.0_77-b03), built on Mar 20 2016 22:01:33 by "java_re" with MS VC++ 10.0 (VS2010)

time: Mon Apr 18 09:09:40 2016
elapsed time: 0 seconds (0d 0h 0m 0s)

